<?xml version="1.0" encoding="UTF-8"?>
<!-- Generated by org.testng.reporters.JUnitReportReporter -->
<testsuite hostname="AB-LPT-HYD-108" failures="0" tests="1" name="testCases.EmployeeDetailsTest" time="11.547" errors="0" timestamp="2025-01-23T23:58:22 IST" skipped="0">
  <testcase classname="testCases.EmployeeDetailsTest" name="employeeDetails" time="11.547"/>
  <system-out/>
</testsuite> <!-- testCases.EmployeeDetailsTest -->
