<?xml version="1.0" encoding="UTF-8"?>
<!-- Generated by org.testng.reporters.JUnitReportReporter -->
<testsuite hostname="AB-LPT-HYD-108" failures="0" tests="4" name="testCases.AddEmployeeTest" time="99.527" errors="0" timestamp="2025-02-06T17:01:01 IST" skipped="3">
  <testcase classname="testCases.AddEmployeeTest" name="addEmployee" time="17.272">
    <skipped/>
  </testcase> <!-- addEmployee -->
  <system-out/>
  <testcase classname="testCases.AddEmployeeTest" name="addEmployee" time="17.512"/>
  <system-out/>
  <testcase classname="testCases.AddEmployeeTest" name="addEmployee" time="47.037">
    <skipped/>
  </testcase> <!-- addEmployee -->
  <system-out/>
  <testcase classname="testCases.AddEmployeeTest" name="addEmployee" time="17.706">
    <skipped/>
  </testcase> <!-- addEmployee -->
  <system-out/>
</testsuite> <!-- testCases.AddEmployeeTest -->
