<?xml version="1.0" encoding="UTF-8"?>
<!-- Generated by org.testng.reporters.JUnitReportReporter -->
<testsuite hostname="AB-LPT-HYD-108" failures="0" tests="3" name="testCases.DeleteEmployeeTest" time="63.925" errors="0" timestamp="2025-02-19T16:02:29 IST" skipped="0">
  <testcase classname="testCases.DeleteEmployeeTest" name="deleteEmployee" time="20.129"/>
  <system-out/>
  <testcase classname="testCases.DeleteEmployeeTest" name="deleteEmployee" time="22.754"/>
  <system-out/>
  <testcase classname="testCases.DeleteEmployeeTest" name="deleteEmployee" time="21.042"/>
  <system-out/>
</testsuite> <!-- testCases.DeleteEmployeeTest -->
