<?xml version="1.0" encoding="UTF-8"?>
<!-- Generated by org.testng.reporters.JUnitReportReporter -->
<testsuite hostname="AB-LPT-HYD-108" failures="0" tests="1" name="testCases.ExistEmployeeDetailsTest" time="9.876" errors="0" timestamp="2025-01-31T11:14:39 IST" skipped="0">
  <testcase classname="testCases.ExistEmployeeDetailsTest" name="existEmployeeDetails" time="9.876"/>
  <system-out/>
</testsuite> <!-- testCases.ExistEmployeeDetailsTest -->
