<?xml version="1.0" encoding="UTF-8"?>
<!-- Generated by org.testng.reporters.JUnitReportReporter -->
<testsuite hostname="AB-LPT-HYD-108" failures="0" tests="1" name="testCases.DeleteEmployeeTest" time="10.616" errors="0" timestamp="2025-01-31T11:15:16 IST" skipped="0">
  <testcase classname="testCases.DeleteEmployeeTest" name="deleteEmployee" time="10.616"/>
  <system-out/>
</testsuite> <!-- testCases.DeleteEmployeeTest -->
