<?xml version="1.0" encoding="UTF-8"?>
<!-- Generated by org.testng.reporters.JUnitReportReporter -->
<testsuite hostname="AB-LPT-HYD-108" failures="0" tests="1" name="test.LoginTest" time="7.781" errors="0" timestamp="2025-01-03T14:33:48 IST" skipped="0">
  <testcase classname="test.LoginTest" name="testLogin" time="7.781"/>
  <system-out/>
</testsuite> <!-- test.LoginTest -->
