<?xml version="1.0" encoding="UTF-8"?>
<!-- Generated by org.testng.reporters.JUnitReportReporter -->
<testsuite hostname="AB-LPT-HYD-108" failures="0" tests="2" name="testCases.DeleteEmployeeTest" time="27.349" errors="0" timestamp="2025-02-06T17:01:01 IST" skipped="1">
  <testcase classname="testCases.DeleteEmployeeTest" name="deleteEmployee" time="13.823"/>
  <system-out/>
  <testcase classname="testCases.DeleteEmployeeTest" name="deleteEmployee" time="13.526">
    <skipped/>
  </testcase> <!-- deleteEmployee -->
  <system-out/>
</testsuite> <!-- testCases.DeleteEmployeeTest -->
