<?xml version="1.0" encoding="UTF-8"?>
<!-- Generated by org.testng.reporters.JUnitReportReporter -->
<testsuite hostname="AB-LPT-HYD-108" failures="0" tests="1" name="tests.LoginTest" time="6.114" errors="0" timestamp="2025-01-03T17:10:33 IST" skipped="0">
  <testcase classname="tests.LoginTest" name="testLogin" time="6.114"/>
  <system-out/>
</testsuite> <!-- tests.LoginTest -->
