<?xml version="1.0" encoding="UTF-8"?>
<!-- Generated by org.testng.reporters.JUnitReportReporter -->
<testsuite hostname="AB-LPT-HYD-108" failures="0" tests="2" name="testCases.AddEmployeeTest" time="32.166" errors="0" timestamp="2025-01-31T10:21:13 IST" skipped="1">
  <testcase classname="testCases.AddEmployeeTest" name="addEmployee" time="15.647">
    <skipped/>
  </testcase> <!-- addEmployee -->
  <system-out/>
  <testcase classname="testCases.AddEmployeeTest" name="addEmployee" time="16.519"/>
  <system-out/>
</testsuite> <!-- testCases.AddEmployeeTest -->
