<?xml version="1.0" encoding="UTF-8"?>
<!-- Generated by org.testng.reporters.JUnitReportReporter -->
<testsuite hostname="AB-LPT-HYD-108" failures="0" tests="1" name="testCases.AddEmployeeTest" time="18.155" errors="0" timestamp="2025-02-07T14:17:57 IST" skipped="0">
  <testcase classname="testCases.AddEmployeeTest" name="addEmployee" time="18.155"/>
  <system-out/>
</testsuite> <!-- testCases.AddEmployeeTest -->
