<?xml version="1.0" encoding="UTF-8"?>
<!-- Generated by org.testng.reporters.JUnitReportReporter -->
<testsuite hostname="AB-LPT-HYD-108" failures="0" tests="1" name="tests.LoginandLogoutTest" time="7.545" errors="0" timestamp="2025-01-06T23:11:13 IST" skipped="0">
  <testcase classname="tests.LoginandLogoutTest" name="testLoginAndLogout" time="7.545"/>
  <system-out/>
</testsuite> <!-- tests.LoginandLogoutTest -->
