<?xml version="1.0" encoding="UTF-8"?>
<!-- Generated by org.testng.reporters.JUnitReportReporter -->
<testsuite hostname="AB-LPT-HYD-108" failures="0" tests="4" name="testCases.ExistEmployeeDetailsTest" time="78.543" errors="0" timestamp="2025-02-19T16:02:29 IST" skipped="1">
  <testcase classname="testCases.ExistEmployeeDetailsTest" name="existEmployeeDetails" time="21.342"/>
  <system-out/>
  <testcase classname="testCases.ExistEmployeeDetailsTest" name="existEmployeeDetails" time="20.632"/>
  <system-out/>
  <testcase classname="testCases.ExistEmployeeDetailsTest" name="existEmployeeDetails" time="17.947">
    <skipped/>
  </testcase> <!-- existEmployeeDetails -->
  <system-out/>
  <testcase classname="testCases.ExistEmployeeDetailsTest" name="existEmployeeDetails" time="18.622"/>
  <system-out/>
</testsuite> <!-- testCases.ExistEmployeeDetailsTest -->
