<?xml version="1.0" encoding="UTF-8"?>
<!-- Generated by org.testng.reporters.JUnitReportReporter -->
<testsuite hostname="AB-LPT-HYD-108" failures="0" tests="3" name="testCases.AddEmployeeTest" time="115.741" errors="0" timestamp="2025-02-19T16:02:29 IST" skipped="0">
  <testcase classname="testCases.AddEmployeeTest" name="addEmployee" time="35.922"/>
  <system-out/>
  <testcase classname="testCases.AddEmployeeTest" name="addEmployee" time="38.414"/>
  <system-out/>
  <testcase classname="testCases.AddEmployeeTest" name="addEmployee" time="41.405"/>
  <system-out/>
</testsuite> <!-- testCases.AddEmployeeTest -->
