<?xml version="1.0" encoding="UTF-8"?>
<!-- Generated by org.testng.reporters.JUnitReportReporter -->
<testsuite hostname="AB-LPT-HYD-108" failures="0" tests="1" name="tests.AddEmployeeTest" time="6.882" errors="0" timestamp="2025-01-10T12:57:56 IST" skipped="0">
  <testcase classname="tests.AddEmployeeTest" name="addEmployee" time="6.882"/>
  <system-out/>
</testsuite> <!-- tests.AddEmployeeTest -->
