<?xml version="1.0" encoding="UTF-8"?>
<!-- Generated by org.testng.reporters.JUnitReportReporter -->
<testsuite hostname="AB-LPT-HYD-108" failures="0" tests="3" name="testCases.NotExistEmployeeDetailsTest" time="64.367" errors="0" timestamp="2025-02-19T16:02:29 IST" skipped="0">
  <testcase classname="testCases.NotExistEmployeeDetailsTest" name="notExistEmployeeDetails" time="22.237"/>
  <system-out/>
  <testcase classname="testCases.NotExistEmployeeDetailsTest" name="notExistEmployeeDetails" time="22.397"/>
  <system-out/>
  <testcase classname="testCases.NotExistEmployeeDetailsTest" name="notExistEmployeeDetails" time="19.733"/>
  <system-out/>
</testsuite> <!-- testCases.NotExistEmployeeDetailsTest -->
