<?xml version="1.0" encoding="UTF-8"?>
<!-- Generated by org.testng.reporters.JUnitReportReporter -->
<testsuite hostname="AB-LPT-HYD-108" failures="0" tests="1" name="testCases.LoginandLogoutTest" time="15.284" errors="0" timestamp="2025-01-24T14:16:10 IST" skipped="0">
  <testcase classname="testCases.LoginandLogoutTest" name="testLoginAndLogout" time="15.284"/>
  <system-out/>
</testsuite> <!-- testCases.LoginandLogoutTest -->
