<?xml version="1.0" encoding="UTF-8"?>
<!-- Generated by org.testng.reporters.JUnitReportReporter -->
<testsuite hostname="AB-LPT-HYD-108" failures="0" tests="1" name="testCases.NotExistEmployeeDetailsTest" time="14.861" errors="0" timestamp="2025-02-06T17:01:01 IST" skipped="0">
  <testcase classname="testCases.NotExistEmployeeDetailsTest" name="notExistEmployeeDetails" time="14.861"/>
  <system-out/>
</testsuite> <!-- testCases.NotExistEmployeeDetailsTest -->
