<?xml version="1.0" encoding="UTF-8"?>
<!-- Generated by org.testng.reporters.JUnitReportReporter -->
<testsuite hostname="AB-LPT-HYD-108" failures="0" tests="3" name="testCases.DeleteEmployeeTest" time="55.415" errors="0" timestamp="2025-02-19T19:00:33 IST" skipped="0">
  <testcase classname="testCases.DeleteEmployeeTest" name="deleteEmployee" time="17.585"/>
  <testcase classname="testCases.DeleteEmployeeTest" name="deleteEmployee" time="20.604"/>
  <testcase classname="testCases.DeleteEmployeeTest" name="deleteEmployee" time="17.226"/>
</testsuite> <!-- testCases.DeleteEmployeeTest -->
