<?xml version="1.0" encoding="UTF-8"?>
<!-- Generated by org.testng.reporters.JUnitReportReporter -->
<testsuite hostname="AB-LPT-HYD-108" failures="0" tests="2" name="testCases.AddEmployeeTest" time="31.144" errors="0" timestamp="2025-02-03T10:31:47 IST" skipped="1">
  <testcase classname="testCases.AddEmployeeTest" name="addEmployee" time="13.651">
    <skipped/>
  </testcase> <!-- addEmployee -->
  <testcase classname="testCases.AddEmployeeTest" name="addEmployee" time="17.493"/>
</testsuite> <!-- testCases.AddEmployeeTest -->
