<?xml version="1.0" encoding="UTF-8"?>
<!-- Generated by org.testng.reporters.JUnitReportReporter -->
<testsuite hostname="AB-LPT-HYD-108" failures="0" tests="1" name="testCases.AddEmployeeTest" time="17.506" errors="0" timestamp="2025-02-07T14:26:47 IST" skipped="0">
  <testcase classname="testCases.AddEmployeeTest" name="addEmployee" time="17.506"/>
</testsuite> <!-- testCases.AddEmployeeTest -->
