<?xml version="1.0" encoding="UTF-8"?>
<!-- Generated by org.testng.reporters.JUnitReportReporter -->
<testsuite hostname="AB-LPT-HYD-108" failures="0" tests="2" name="testCases.ExistEmployeeDetailsTest" time="27.843" errors="0" timestamp="2025-02-06T17:06:34 IST" skipped="1">
  <testcase classname="testCases.ExistEmployeeDetailsTest" name="existEmployeeDetails" time="15.097"/>
  <testcase classname="testCases.ExistEmployeeDetailsTest" name="existEmployeeDetails" time="12.746">
    <skipped/>
  </testcase> <!-- existEmployeeDetails -->
</testsuite> <!-- testCases.ExistEmployeeDetailsTest -->
