<?xml version="1.0" encoding="UTF-8"?>
<!-- Generated by org.testng.reporters.JUnitReportReporter -->
<testsuite hostname="AB-LPT-HYD-108" failures="0" tests="3" name="testCases.ExistEmployeeDetailsTest" time="31.484" errors="0" timestamp="2025-02-07T14:26:47 IST" skipped="2">
  <testcase classname="testCases.ExistEmployeeDetailsTest" name="existEmployeeDetails" time="9.740">
    <skipped/>
  </testcase> <!-- existEmployeeDetails -->
  <testcase classname="testCases.ExistEmployeeDetailsTest" name="existEmployeeDetails" time="10.957"/>
  <testcase classname="testCases.ExistEmployeeDetailsTest" name="existEmployeeDetails" time="10.787">
    <skipped/>
  </testcase> <!-- existEmployeeDetails -->
</testsuite> <!-- testCases.ExistEmployeeDetailsTest -->
