<?xml version="1.0" encoding="UTF-8"?>
<!-- Generated by org.testng.reporters.JUnitReportReporter -->
<testsuite hostname="AB-LPT-HYD-108" failures="0" tests="4" name="testCases.ExistEmployeeDetailsTest" time="37.632" errors="0" timestamp="2025-02-03T10:31:47 IST" skipped="3">
  <testcase classname="testCases.ExistEmployeeDetailsTest" name="existEmployeeDetails" time="9.148">
    <skipped/>
  </testcase> <!-- existEmployeeDetails -->
  <testcase classname="testCases.ExistEmployeeDetailsTest" name="existEmployeeDetails" time="8.724">
    <skipped/>
  </testcase> <!-- existEmployeeDetails -->
  <testcase classname="testCases.ExistEmployeeDetailsTest" name="existEmployeeDetails" time="10.365"/>
  <testcase classname="testCases.ExistEmployeeDetailsTest" name="existEmployeeDetails" time="9.395">
    <skipped/>
  </testcase> <!-- existEmployeeDetails -->
</testsuite> <!-- testCases.ExistEmployeeDetailsTest -->
