<?xml version="1.0" encoding="UTF-8"?>
<!-- Generated by org.testng.reporters.JUnitReportReporter -->
<testsuite hostname="AB-LPT-HYD-108" failures="0" tests="1" name="testCases.DeleteEmployeeTest" time="9.962" errors="0" timestamp="2025-02-03T10:31:47 IST" skipped="0">
  <testcase classname="testCases.DeleteEmployeeTest" name="deleteEmployee" time="9.962"/>
</testsuite> <!-- testCases.DeleteEmployeeTest -->
