<?xml version="1.0" encoding="UTF-8"?>
<!-- Generated by org.testng.reporters.JUnitReportReporter -->
<testsuite hostname="AB-LPT-HYD-108" failures="0" tests="3" name="testCases.AddEmployeeTest" time="82.076" errors="0" timestamp="2025-02-19T19:00:33 IST" skipped="0">
  <testcase classname="testCases.AddEmployeeTest" name="addEmployee" time="24.688"/>
  <testcase classname="testCases.AddEmployeeTest" name="addEmployee" time="27.663"/>
  <testcase classname="testCases.AddEmployeeTest" name="addEmployee" time="29.725"/>
</testsuite> <!-- testCases.AddEmployeeTest -->
