<?xml version="1.0" encoding="UTF-8"?>
<!-- Generated by org.testng.reporters.JUnitReportReporter -->
<testsuite hostname="AB-LPT-HYD-108" failures="0" tests="5" name="testCases.ExistEmployeeDetailsTest" time="71.234" errors="0" timestamp="2025-02-19T19:00:33 IST" skipped="2">
  <testcase classname="testCases.ExistEmployeeDetailsTest" name="existEmployeeDetails" time="11.348"/>
  <testcase classname="testCases.ExistEmployeeDetailsTest" name="existEmployeeDetails" time="8.648">
    <skipped/>
  </testcase> <!-- existEmployeeDetails -->
  <testcase classname="testCases.ExistEmployeeDetailsTest" name="existEmployeeDetails" time="13.566"/>
  <testcase classname="testCases.ExistEmployeeDetailsTest" name="existEmployeeDetails" time="14.107"/>
  <testcase classname="testCases.ExistEmployeeDetailsTest" name="existEmployeeDetails" time="23.565">
    <skipped/>
  </testcase> <!-- existEmployeeDetails -->
</testsuite> <!-- testCases.ExistEmployeeDetailsTest -->
