<?xml version="1.0" encoding="UTF-8"?>
<!-- Generated by org.testng.reporters.JUnitReportReporter -->
<testsuite hostname="AB-LPT-HYD-108" failures="0" tests="1" name="testCases.DeleteEmployeeTest" time="14.062" errors="0" timestamp="2025-02-07T14:26:47 IST" skipped="0">
  <testcase classname="testCases.DeleteEmployeeTest" name="deleteEmployee" time="14.062"/>
</testsuite> <!-- testCases.DeleteEmployeeTest -->
